<?xml version="1.0" encoding="UTF-8"?>
<!-- Generated by org.testng.reporters.JUnitReportReporter -->
<testsuite hostname="DESKTOP-FGDIIP2" failures="0" tests="1" name="com.testcases.RegistrationTest" time="6.868" errors="0" timestamp="2024-01-10T13:15:06 IST" skipped="0">
  <testcase classname="com.testcases.RegistrationTest" name="verifyregistration" time="6.868"/>
</testsuite> <!-- com.testcases.RegistrationTest -->
