<?xml version="1.0" encoding="UTF-8"?>
<!-- Generated by org.testng.reporters.JUnitReportReporter -->
<testsuite hostname="DESKTOP-FGDIIP2" failures="0" tests="2" name="com.testcases.NewTest" time="15.243" errors="0" timestamp="2024-01-10T16:30:13 IST" skipped="0">
  <testcase classname="com.testcases.NewTest" name="verify_AutoSuggestionList" time="5.511"/>
  <testcase classname="com.testcases.NewTest" name="verify_SelectedProductAndOpenedProductMatches" time="9.732"/>
</testsuite> <!-- com.testcases.NewTest -->
