<?xml version="1.0" encoding="UTF-8"?>
<!-- Generated by org.testng.reporters.JUnitReportReporter -->
<testsuite hostname="DESKTOP-FGDIIP2" failures="0" tests="7" name="com.testcases.WishTest" time="51.343" errors="0" timestamp="2024-02-05T17:48:11 IST" skipped="0">
  <testcase classname="com.testcases.WishTest" name="Count" time="6.230"/>
  <system-out/>
  <testcase classname="com.testcases.WishTest" name="addoppocase" time="8.946"/>
  <system-out/>
  <testcase classname="com.testcases.WishTest" name="homepage" time="6.808"/>
  <system-out/>
  <testcase classname="com.testcases.WishTest" name="addAvrofurniture" time="6.848"/>
  <system-out/>
  <testcase classname="com.testcases.WishTest" name="Realme" time="8.503"/>
  <system-out/>
  <testcase classname="com.testcases.WishTest" name="RemoveAvro" time="6.303"/>
  <system-out/>
  <testcase classname="com.testcases.WishTest" name="Buying" time="7.705"/>
  <system-out/>
</testsuite> <!-- com.testcases.WishTest -->
