<?xml version="1.0" encoding="UTF-8"?>
<!-- Generated by org.testng.reporters.JUnitReportReporter -->
<testsuite hostname="DESKTOP-FGDIIP2" failures="0" tests="1" name="com.testcases.WishList_Test" time="23.263" errors="0" timestamp="2024-02-01T17:22:04 IST" skipped="0">
  <testcase classname="com.testcases.WishList_Test" name="Searchbox_towishlist" time="23.263"/>
  <system-out/>
</testsuite> <!-- com.testcases.WishList_Test -->
