<?xml version="1.0" encoding="UTF-8"?>
<!-- Generated by org.testng.reporters.JUnitReportReporter -->
<testsuite hostname="DESKTOP-FGDIIP2" failures="0" tests="1" name="com.testcases.ProfileTest" time="17.475" errors="0" timestamp="2024-02-06T18:45:00 IST" skipped="0">
  <testcase classname="com.testcases.ProfileTest" name="Profile" time="17.475"/>
  <system-out/>
</testsuite> <!-- com.testcases.ProfileTest -->
