<?xml version="1.0" encoding="UTF-8"?>
<!-- Generated by org.testng.reporters.JUnitReportReporter -->
<testsuite hostname="DESKTOP-FGDIIP2" failures="0" tests="1" name="com.testcases.Equarztest" time="6.492" errors="0" timestamp="2024-01-09T19:41:25 IST" skipped="0">
  <testcase classname="com.testcases.Equarztest" name="verifylogin" time="6.492"/>
</testsuite> <!-- com.testcases.Equarztest -->
