<?xml version="1.0" encoding="UTF-8"?>
<!-- Generated by org.testng.reporters.JUnitReportReporter -->
<testsuite hostname="DESKTOP-FGDIIP2" failures="0" tests="1" name="com.testcases.Equazlogin" time="7.720" errors="0" timestamp="2024-01-09T11:18:15 IST" skipped="0">
  <testcase classname="com.testcases.Equazlogin" name="verifylogin" time="7.720"/>
</testsuite> <!-- com.testcases.Equazlogin -->
