<?xml version="1.0" encoding="UTF-8"?>
<!-- Generated by org.testng.reporters.JUnitReportReporter -->
<testsuite hostname="DESKTOP-FGDIIP2" failures="0" tests="2" name="com.testcases.SearchTest" time="28.833" errors="0" timestamp="2024-02-02T11:59:33 IST" skipped="0">
  <testcase classname="com.testcases.SearchTest" name="Search" time="6.232"/>
  <system-out/>
  <testcase classname="com.testcases.SearchTest" name="drop" time="22.601"/>
  <system-out/>
</testsuite> <!-- com.testcases.SearchTest -->
