<?xml version="1.0" encoding="UTF-8"?>
<!-- Generated by org.testng.reporters.JUnitReportReporter -->
<testsuite hostname="DESKTOP-FGDIIP2" failures="0" tests="3" name="com.testcases.AddressTest" time="51.341" errors="0" timestamp="2024-02-07T17:25:46 IST" skipped="0">
  <testcase classname="com.testcases.AddressTest" name="Address" time="20.205"/>
  <system-out/>
  <testcase classname="com.testcases.AddressTest" name="EditAddress" time="18.840"/>
  <system-out/>
  <testcase classname="com.testcases.AddressTest" name="delete" time="12.296"/>
  <system-out/>
</testsuite> <!-- com.testcases.AddressTest -->
